2024-07-31 10:48:25 info: Congratulations, your extension "Embold" is now active!
2024-07-31 10:48:25 info: tempDirectory : c:\Users\jkhan\.vscode\extensions\embold-vscode.embold-0.1.8\temp
2024-07-31 10:48:37 info: Extraction complete for source: c:\Users\jkhan\.vscode\extensions\embold-vscode.embold-0.1.8\resources\embold-scanner-archive.zip, destination: c:\Users\jkhan\.vscode\extensions\embold-vscode.embold-0.1.8\temp
2024-07-31 10:48:37 info: Extension installed on machine OS : win32
2024-07-31 10:48:37 info: Fetched the issues from DB
2024-07-31 10:48:37 error: ERROR checking java version : Error: Command failed: java -version
'java'ïżœïżœ(ïżœïżœ) ïżœïżœïżœïżœ ïżœÇŽïżœ ïżœÜșïżœ ïżœïżœïżœïżœ, ïżœïżœïżœïżœïżœïżœ ïżœïżœ ïżœÖŽïżœ ïżœïżœïżœÎ±Ś·ïżœ, ïżœÇŽïżœ
ïżœïżœÄĄ ïżœïżœïżœïżœïżœïżœ ïżœÆŽŐŽÏŽïżœ.

2024-07-31 10:48:37 info: Java version installed on machine : 
'java'ïżœïżœ(ïżœïżœ) ïżœïżœïżœïżœ ïżœÇŽïżœ ïżœÜșïżœ ïżœïżœïżœïżœ, ïżœïżœïżœïżœïżœïżœ ïżœïżœ ïżœÖŽïżœ ïżœïżœïżœÎ±Ś·ïżœ, ïżœÇŽïżœ
ïżœïżœÄĄ ïżœïżœïżœïżœïżœïżœ ïżœÆŽŐŽÏŽïżœ.

2024-07-31 10:48:37 info: Java installed on machine.
2024-07-31 10:48:38 info: Embold extension version response:{"hasSupport":false,"version":"0.1.6","changeNotes":"<div> <p>Release Date: 09 Oct, 2023 <br><span>Bug fixes and improvements.</span></p> </div>"}
2024-07-31 10:48:38 info: Current installed embold extension version : 0.1.8
2024-07-31 10:48:38 info: Latest embold extension version on marketplace : 0.1.6
2024-07-31 10:58:56 info: Congratulations, your extension "Embold" is now active!
2024-07-31 10:58:56 info: tempDirectory : c:\Users\jkhan\.vscode\extensions\embold-vscode.embold-0.1.8\temp
2024-07-31 10:58:59 info: Extraction complete for source: c:\Users\jkhan\.vscode\extensions\embold-vscode.embold-0.1.8\resources\embold-scanner-archive.zip, destination: c:\Users\jkhan\.vscode\extensions\embold-vscode.embold-0.1.8\temp
2024-07-31 10:58:59 info: Extension installed on machine OS : win32
2024-07-31 10:58:59 info: Fetched the issues from DB
2024-07-31 10:58:59 error: ERROR checking java version : Error: Command failed: java -version
'java'ïżœïżœ(ïżœïżœ) ïżœïżœïżœïżœ ïżœÇŽïżœ ïżœÜșïżœ ïżœïżœïżœïżœ, ïżœïżœïżœïżœïżœïżœ ïżœïżœ ïżœÖŽïżœ ïżœïżœïżœÎ±Ś·ïżœ, ïżœÇŽïżœ
ïżœïżœÄĄ ïżœïżœïżœïżœïżœïżœ ïżœÆŽŐŽÏŽïżœ.

2024-07-31 10:58:59 info: Java version installed on machine : 
'java'ïżœïżœ(ïżœïżœ) ïżœïżœïżœïżœ ïżœÇŽïżœ ïżœÜșïżœ ïżœïżœïżœïżœ, ïżœïżœïżœïżœïżœïżœ ïżœïżœ ïżœÖŽïżœ ïżœïżœïżœÎ±Ś·ïżœ, ïżœÇŽïżœ
ïżœïżœÄĄ ïżœïżœïżœïżœïżœïżœ ïżœÆŽŐŽÏŽïżœ.

2024-07-31 10:58:59 info: Java installed on machine.
2024-07-31 10:59:01 info: Embold extension version response:{"hasSupport":false,"version":"0.1.6","changeNotes":"<div> <p>Release Date: 09 Oct, 2023 <br><span>Bug fixes and improvements.</span></p> </div>"}
2024-07-31 10:59:01 info: Current installed embold extension version : 0.1.8
2024-07-31 10:59:01 info: Latest embold extension version on marketplace : 0.1.6
2024-07-31 11:00:08 info: Congratulations, your extension "Embold" is now active!
2024-07-31 11:00:08 info: tempDirectory : c:\Users\jkhan\.vscode\extensions\embold-vscode.embold-0.1.8\temp
2024-07-31 11:00:10 info: Extraction complete for source: c:\Users\jkhan\.vscode\extensions\embold-vscode.embold-0.1.8\resources\embold-scanner-archive.zip, destination: c:\Users\jkhan\.vscode\extensions\embold-vscode.embold-0.1.8\temp
2024-07-31 11:00:10 info: Extension installed on machine OS : win32
2024-07-31 11:00:10 info: Fetched the issues from DB
2024-07-31 11:00:10 error: ERROR checking java version : Error: Command failed: java -version
'java'ïżœïżœ(ïżœïżœ) ïżœïżœïżœïżœ ïżœÇŽïżœ ïżœÜșïżœ ïżœïżœïżœïżœ, ïżœïżœïżœïżœïżœïżœ ïżœïżœ ïżœÖŽïżœ ïżœïżœïżœÎ±Ś·ïżœ, ïżœÇŽïżœ
ïżœïżœÄĄ ïżœïżœïżœïżœïżœïżœ ïżœÆŽŐŽÏŽïżœ.

2024-07-31 11:00:10 info: Java version installed on machine : 
'java'ïżœïżœ(ïżœïżœ) ïżœïżœïżœïżœ ïżœÇŽïżœ ïżœÜșïżœ ïżœïżœïżœïżœ, ïżœïżœïżœïżœïżœïżœ ïżœïżœ ïżœÖŽïżœ ïżœïżœïżœÎ±Ś·ïżœ, ïżœÇŽïżœ
ïżœïżœÄĄ ïżœïżœïżœïżœïżœïżœ ïżœÆŽŐŽÏŽïżœ.

2024-07-31 11:00:10 info: Java installed on machine.
2024-07-31 11:00:12 info: Embold extension version response:{"hasSupport":false,"version":"0.1.6","changeNotes":"<div> <p>Release Date: 09 Oct, 2023 <br><span>Bug fixes and improvements.</span></p> </div>"}
2024-07-31 11:00:12 info: Current installed embold extension version : 0.1.8
2024-07-31 11:00:12 info: Latest embold extension version on marketplace : 0.1.6
2024-07-31 11:48:59 info: Congratulations, your extension "Embold" is now active!
2024-07-31 11:48:59 info: tempDirectory : c:\Users\jkhan\.vscode\extensions\embold-vscode.embold-0.1.8\temp
2024-07-31 11:49:07 info: Extraction complete for source: c:\Users\jkhan\.vscode\extensions\embold-vscode.embold-0.1.8\resources\embold-scanner-archive.zip, destination: c:\Users\jkhan\.vscode\extensions\embold-vscode.embold-0.1.8\temp
2024-07-31 11:49:07 info: Extension installed on machine OS : win32
2024-07-31 11:49:07 info: Fetched the issues from DB
2024-07-31 11:49:07 error: ERROR checking java version : Error: Command failed: java -version
'java'ïżœïżœ(ïżœïżœ) ïżœïżœïżœïżœ ïżœÇŽïżœ ïżœÜșïżœ ïżœïżœïżœïżœ, ïżœïżœïżœïżœïżœïżœ ïżœïżœ ïżœÖŽïżœ ïżœïżœïżœÎ±Ś·ïżœ, ïżœÇŽïżœ
ïżœïżœÄĄ ïżœïżœïżœïżœïżœïżœ ïżœÆŽŐŽÏŽïżœ.

2024-07-31 11:49:07 info: Java version installed on machine : 
'java'ïżœïżœ(ïżœïżœ) ïżœïżœïżœïżœ ïżœÇŽïżœ ïżœÜșïżœ ïżœïżœïżœïżœ, ïżœïżœïżœïżœïżœïżœ ïżœïżœ ïżœÖŽïżœ ïżœïżœïżœÎ±Ś·ïżœ, ïżœÇŽïżœ
ïżœïżœÄĄ ïżœïżœïżœïżœïżœïżœ ïżœÆŽŐŽÏŽïżœ.

2024-07-31 11:49:07 info: Java installed on machine.
2024-07-31 11:49:09 info: Embold extension version response:{"hasSupport":false,"version":"0.1.6","changeNotes":"<div> <p>Release Date: 09 Oct, 2023 <br><span>Bug fixes and improvements.</span></p> </div>"}
2024-07-31 11:49:09 info: Current installed embold extension version : 0.1.8
2024-07-31 11:49:09 info: Latest embold extension version on marketplace : 0.1.6
2024-07-31 14:41:45 info: Row(s) deleted
2024-07-31 15:03:41 info: Row(s) deleted
2024-07-31 15:03:45 info: Row(s) deleted
2024-07-31 15:10:17 info: Row(s) deleted
2024-07-31 15:12:55 info: Row(s) deleted
2024-07-31 16:04:06 info: Row(s) deleted
2024-07-31 16:59:20 info: Row(s) deleted
2024-08-01 09:51:57 info: Row(s) deleted
2024-08-01 10:58:08 info: Row(s) deleted
2024-08-01 12:04:19 info: Row(s) deleted
